gibook/app/build/intermediates/manifest_merge_blame_file/debug/manifest-merger-blame-debug-report.txt
1<?xml version="1.0" encoding="utf-8"?>
2<manifest xmlns:android="http://schemas.android.com/apk/res/android"
3    package="com.test.gibook"
4    android:versionCode="1"
5    android:versionName="1.0" >
6
7    <uses-sdk
8        android:minSdkVersion="30"
8-->src\main\AndroidManifest.xml
9        android:targetSdkVersion="30" />
9-->src\main\AndroidManifest.xml
10
11    <!-- Although the *SdkVersion is captured in gradle build files, this is required for non gradle builds -->
12    <!-- <uses-sdk android:minSdkVersion="14"/> -->
13    <uses-permission android:name="android.permission.ACCESS_NETWORK_STATE" />
13-->[com.google.firebase:firebase-database:19.3.1] AndroidManifest.xml:25:5-79
13-->[com.google.firebase:firebase-database:19.3.1] AndroidManifest.xml:25:22-76
14    <uses-permission android:name="android.permission.INTERNET" />
14-->[com.google.firebase:firebase-database:19.3.1] AndroidManifest.xml:26:5-67
14-->[com.google.firebase:firebase-database:19.3.1] AndroidManifest.xml:26:22-64
15    <uses-permission android:name="android.permission.WAKE_LOCK" />
15-->[com.google.android.gms:play-services-measurement:17.5.0] AndroidManifest.xml:25:5-68
15-->[com.google.android.gms:play-services-measurement:17.5.0] AndroidManifest.xml:25:22-65
16    <uses-permission android:name="com.google.android.finsky.permission.BIND_GET_INSTALL_REFERRER_SERVICE" />
16-->[com.google.android.gms:play-services-measurement:17.5.0] AndroidManifest.xml:26:5-110
16-->[com.google.android.gms:play-services-measurement:17.5.0] AndroidManifest.xml:26:22-107
17
18    <application
18-->src\main\AndroidManifest.xml:5:5-23:19
19        android:allowBackup="true"
19-->src\main\AndroidManifest.xml:6:9-35
20        android:appComponentFactory="androidx.core.app.CoreComponentFactory"
20-->[androidx.core:core:1.3.1] AndroidManifest.xml:24:18-86
21        android:debuggable="true"
22        android:extractNativeLibs="false"
23        android:icon="@mipmap/ic_launcher"
23-->src\main\AndroidManifest.xml:7:9-43
24        android:label="false"
24-->src\main\AndroidManifest.xml:8:9-30
25        android:roundIcon="@mipmap/ic_launcher_round"
25-->src\main\AndroidManifest.xml:9:9-54
26        android:supportsRtl="true"
26-->src\main\AndroidManifest.xml:10:9-35
27        android:testOnly="true"
28        android:theme="@style/AppTheme" >
28-->src\main\AndroidManifest.xml:11:9-40
29        <activity android:name="com.test.gibook.MainActivity" >
29-->src\main\AndroidManifest.xml:12:9-18:20
29-->src\main\AndroidManifest.xml:12:19-47
30            <intent-filter>
30-->src\main\AndroidManifest.xml:13:13-17:29
31                <action android:name="android.intent.action.MAIN" />
31-->src\main\AndroidManifest.xml:14:17-69
31-->src\main\AndroidManifest.xml:14:25-66
32
33                <category android:name="android.intent.category.LAUNCHER" />
33-->src\main\AndroidManifest.xml:16:17-77
33-->src\main\AndroidManifest.xml:16:27-74
34            </intent-filter>
35        </activity>
36        <activity android:name="com.test.gibook.To_Donation" >
36-->src\main\AndroidManifest.xml:20:9-62
36-->src\main\AndroidManifest.xml:20:19-46
37        </activity>
38        <activity android:name="com.test.gibook.Lobby" >
38-->src\main\AndroidManifest.xml:21:9-56
38-->src\main\AndroidManifest.xml:21:19-40
39        </activity>
40        <activity android:name="com.test.gibook.ListContents" >
40-->src\main\AndroidManifest.xml:22:9-63
40-->src\main\AndroidManifest.xml:22:19-47
41        </activity>
42
43        <service
43-->[com.google.firebase:firebase-database:19.3.1] AndroidManifest.xml:29:9-35:19
44            android:name="com.google.firebase.components.ComponentDiscoveryService"
44-->[com.google.firebase:firebase-database:19.3.1] AndroidManifest.xml:30:13-84
45            android:directBootAware="true"
45-->[com.google.firebase:firebase-common:19.3.1] AndroidManifest.xml:35:13-43
46            android:exported="false" >
46-->[com.google.firebase:firebase-database:19.3.1] AndroidManifest.xml:31:13-37
47            <meta-data
47-->[com.google.firebase:firebase-database:19.3.1] AndroidManifest.xml:32:13-34:85
48                android:name="com.google.firebase.components:com.google.firebase.database.DatabaseRegistrar"
48-->[com.google.firebase:firebase-database:19.3.1] AndroidManifest.xml:33:17-109
49                android:value="com.google.firebase.components.ComponentRegistrar" />
49-->[com.google.firebase:firebase-database:19.3.1] AndroidManifest.xml:34:17-82
50            <meta-data
50-->[com.google.firebase:firebase-storage:19.2.0] AndroidManifest.xml:33:13-35:85
51                android:name="com.google.firebase.components:com.google.firebase.storage.StorageRegistrar"
51-->[com.google.firebase:firebase-storage:19.2.0] AndroidManifest.xml:34:17-107
52                android:value="com.google.firebase.components.ComponentRegistrar" />
52-->[com.google.firebase:firebase-storage:19.2.0] AndroidManifest.xml:35:17-82
53            <meta-data
53-->[com.google.android.gms:play-services-measurement-api:17.5.0] AndroidManifest.xml:30:13-32:85
54                android:name="com.google.firebase.components:com.google.firebase.analytics.connector.internal.AnalyticsConnectorRegistrar"
54-->[com.google.android.gms:play-services-measurement-api:17.5.0] AndroidManifest.xml:31:17-139
55                android:value="com.google.firebase.components.ComponentRegistrar" />
55-->[com.google.android.gms:play-services-measurement-api:17.5.0] AndroidManifest.xml:32:17-82
56            <meta-data
56-->[com.google.firebase:firebase-installations:16.3.2] AndroidManifest.xml:17:13-19:85
57                android:name="com.google.firebase.components:com.google.firebase.installations.FirebaseInstallationsRegistrar"
57-->[com.google.firebase:firebase-installations:16.3.2] AndroidManifest.xml:18:17-127
58                android:value="com.google.firebase.components.ComponentRegistrar" />
58-->[com.google.firebase:firebase-installations:16.3.2] AndroidManifest.xml:19:17-82
59        </service>
60
61        <activity
61-->[com.google.android.gms:play-services-base:17.0.0] AndroidManifest.xml:23:9-26:75
62            android:name="com.google.android.gms.common.api.GoogleApiActivity"
62-->[com.google.android.gms:play-services-base:17.0.0] AndroidManifest.xml:24:13-79
63            android:exported="false"
63-->[com.google.android.gms:play-services-base:17.0.0] AndroidManifest.xml:25:13-37
64            android:theme="@android:style/Theme.Translucent.NoTitleBar" />
64-->[com.google.android.gms:play-services-base:17.0.0] AndroidManifest.xml:26:13-72
65
66        <receiver
66-->[com.google.android.gms:play-services-measurement:17.5.0] AndroidManifest.xml:29:9-33:20
67            android:name="com.google.android.gms.measurement.AppMeasurementReceiver"
67-->[com.google.android.gms:play-services-measurement:17.5.0] AndroidManifest.xml:30:13-85
68            android:enabled="true"
68-->[com.google.android.gms:play-services-measurement:17.5.0] AndroidManifest.xml:31:13-35
69            android:exported="false" >
69-->[com.google.android.gms:play-services-measurement:17.5.0] AndroidManifest.xml:32:13-37
70        </receiver>
71
72        <service
72-->[com.google.android.gms:play-services-measurement:17.5.0] AndroidManifest.xml:35:9-38:40
73            android:name="com.google.android.gms.measurement.AppMeasurementService"
73-->[com.google.android.gms:play-services-measurement:17.5.0] AndroidManifest.xml:36:13-84
74            android:enabled="true"
74-->[com.google.android.gms:play-services-measurement:17.5.0] AndroidManifest.xml:37:13-35
75            android:exported="false" />
75-->[com.google.android.gms:play-services-measurement:17.5.0] AndroidManifest.xml:38:13-37
76        <service
76-->[com.google.android.gms:play-services-measurement:17.5.0] AndroidManifest.xml:39:9-43:72
77            android:name="com.google.android.gms.measurement.AppMeasurementJobService"
77-->[com.google.android.gms:play-services-measurement:17.5.0] AndroidManifest.xml:40:13-87
78            android:enabled="true"
78-->[com.google.android.gms:play-services-measurement:17.5.0] AndroidManifest.xml:41:13-35
79            android:exported="false"
79-->[com.google.android.gms:play-services-measurement:17.5.0] AndroidManifest.xml:42:13-37
80            android:permission="android.permission.BIND_JOB_SERVICE" />
80-->[com.google.android.gms:play-services-measurement:17.5.0] AndroidManifest.xml:43:13-69
81
82        <provider
82-->[com.google.firebase:firebase-common:19.3.1] AndroidManifest.xml:26:9-31:39
83            android:name="com.google.firebase.provider.FirebaseInitProvider"
83-->[com.google.firebase:firebase-common:19.3.1] AndroidManifest.xml:27:13-77
84            android:authorities="com.test.gibook.firebaseinitprovider"
84-->[com.google.firebase:firebase-common:19.3.1] AndroidManifest.xml:28:13-72
85            android:directBootAware="true"
85-->[com.google.firebase:firebase-common:19.3.1] AndroidManifest.xml:29:13-43
86            android:exported="false"
86-->[com.google.firebase:firebase-common:19.3.1] AndroidManifest.xml:30:13-37
87            android:initOrder="100" />
87-->[com.google.firebase:firebase-common:19.3.1] AndroidManifest.xml:31:13-36
88
89        <meta-data
89-->[com.google.android.gms:play-services-basement:17.0.0] AndroidManifest.xml:23:9-25:69
90            android:name="com.google.android.gms.version"
90-->[com.google.android.gms:play-services-basement:17.0.0] AndroidManifest.xml:24:13-58
91            android:value="@integer/google_play_services_version" />
91-->[com.google.android.gms:play-services-basement:17.0.0] AndroidManifest.xml:25:13-66
92    </application>
93
94</manifest>